Determining if the function fseek64 exists failed with the following output:
Change Dir: /home/chb/RUAFL/xpdf-4.01.01/build/CMakeFiles/CMakeTmp

Run Build Command(s):/usr/bin/gmake -f Makefile cmTC_c4444/fast && /usr/bin/gmake  -f CMakeFiles/cmTC_c4444.dir/build.make CMakeFiles/cmTC_c4444.dir/build
gmake[1]: Entering directory '/home/chb/RUAFL/xpdf-4.01.01/build/CMakeFiles/CMakeTmp'
Building C object CMakeFiles/cmTC_c4444.dir/CheckFunctionExists.c.o
/usr/bin/cc   -DCHECK_FUNCTION_EXISTS=fseek64 -o CMakeFiles/cmTC_c4444.dir/CheckFunctionExists.c.o -c /usr/share/cmake-3.22/Modules/CheckFunctionExists.c
Linking C executable cmTC_c4444
/usr/bin/cmake -E cmake_link_script CMakeFiles/cmTC_c4444.dir/link.txt --verbose=1
/usr/bin/cc  -DCHECK_FUNCTION_EXISTS=fseek64 -rdynamic CMakeFiles/cmTC_c4444.dir/CheckFunctionExists.c.o -o cmTC_c4444 
/usr/bin/ld: CMakeFiles/cmTC_c4444.dir/CheckFunctionExists.c.o: in function `main':
CheckFunctionExists.c:(.text+0x14): undefined reference to `fseek64'
collect2: error: ld returned 1 exit status
gmake[1]: *** [CMakeFiles/cmTC_c4444.dir/build.make:99: cmTC_c4444] Error 1
gmake[1]: Leaving directory '/home/chb/RUAFL/xpdf-4.01.01/build/CMakeFiles/CMakeTmp'
gmake: *** [Makefile:127: cmTC_c4444/fast] Error 2



Determining if the function _fseeki64 exists failed with the following output:
Change Dir: /home/chb/RUAFL/xpdf-4.01.01/build/CMakeFiles/CMakeTmp

Run Build Command(s):/usr/bin/gmake -f Makefile cmTC_00e2e/fast && /usr/bin/gmake  -f CMakeFiles/cmTC_00e2e.dir/build.make CMakeFiles/cmTC_00e2e.dir/build
gmake[1]: Entering directory '/home/chb/RUAFL/xpdf-4.01.01/build/CMakeFiles/CMakeTmp'
Building C object CMakeFiles/cmTC_00e2e.dir/CheckFunctionExists.c.o
/usr/bin/cc   -DCHECK_FUNCTION_EXISTS=_fseeki64 -o CMakeFiles/cmTC_00e2e.dir/CheckFunctionExists.c.o -c /usr/share/cmake-3.22/Modules/CheckFunctionExists.c
Linking C executable cmTC_00e2e
/usr/bin/cmake -E cmake_link_script CMakeFiles/cmTC_00e2e.dir/link.txt --verbose=1
/usr/bin/cc  -DCHECK_FUNCTION_EXISTS=_fseeki64 -rdynamic CMakeFiles/cmTC_00e2e.dir/CheckFunctionExists.c.o -o cmTC_00e2e 
/usr/bin/ld: CMakeFiles/cmTC_00e2e.dir/CheckFunctionExists.c.o: in function `main':
CheckFunctionExists.c:(.text+0x14): undefined reference to `_fseeki64'
collect2: error: ld returned 1 exit status
gmake[1]: *** [CMakeFiles/cmTC_00e2e.dir/build.make:99: cmTC_00e2e] Error 1
gmake[1]: Leaving directory '/home/chb/RUAFL/xpdf-4.01.01/build/CMakeFiles/CMakeTmp'
gmake: *** [Makefile:127: cmTC_00e2e/fast] Error 2



